mode: atomic
pubsub/pubsub.go:33.26,39.2 1 34
pubsub/pubsub.go:67.38,69.2 1 0
pubsub/pubsub.go:72.33,75.25 2 36
pubsub/pubsub.go:75.25,77.3 1 34
pubsub/pubsub.go:79.2,79.17 1 36
pubsub/pubsub.go:83.43,87.15 3 34
pubsub/pubsub.go:87.15,89.3 1 0
pubsub/pubsub.go:91.2,110.34 8 34
pubsub/pubsub.go:110.34,112.3 1 34
pubsub/pubsub.go:112.8,114.3 1 0
pubsub/pubsub.go:117.2,123.19 5 34
pubsub/pubsub.go:127.71,132.41 4 34
pubsub/pubsub.go:132.41,134.45 2 17
pubsub/pubsub.go:134.45,135.34 1 19
pubsub/pubsub.go:135.34,141.54 4 19
pubsub/pubsub.go:141.54,143.6 1 0
pubsub/pubsub.go:144.5,144.31 1 19
pubsub/pubsub.go:147.3,148.94 2 17
pubsub/pubsub.go:151.2,151.43 1 34
pubsub/pubsub.go:155.76,158.41 2 34
pubsub/pubsub.go:158.41,160.3 1 19
pubsub/pubsub.go:162.2,163.12 2 34
pubsub/pubsub.go:167.74,170.41 2 0
pubsub/pubsub.go:170.41,172.28 2 0
pubsub/pubsub.go:172.28,175.4 2 0
pubsub/pubsub.go:179.2,180.12 2 0
pubsub/pubsub.go:180.12,183.3 2 0
pubsub/pubsub.go:185.2,185.9 1 0
pubsub/pubsub.go:186.14,188.13 2 0
pubsub/pubsub.go:189.36,194.4 2 0
pubsub/pubsub.go:199.67,200.15 1 19
pubsub/pubsub.go:200.15,201.31 1 19
pubsub/pubsub.go:201.31,203.4 1 0
pubsub/pubsub.go:205.2,205.27 1 19
pubsub/pubsub.go:209.36,210.29 1 34
pubsub/pubsub.go:210.29,212.3 1 17
pubsub/pubsub.go:216.35,220.2 3 5
pubsub/pubsub.go:223.47,227.15 3 204
pubsub/pubsub.go:227.15,230.3 2 1
pubsub/pubsub.go:232.2,240.3 1 203
pubsub/pubsub.go:244.44,245.14 1 310
pubsub/pubsub.go:245.14,248.3 2 0
pubsub/pubsub.go:250.2,253.41 3 310
pubsub/pubsub.go:253.41,255.3 1 2
pubsub/pubsub.go:258.2,258.25 1 308
pubsub/pubsub.go:258.25,261.3 2 0
pubsub/pubsub.go:263.2,264.19 2 308
pubsub/pubsub.go:268.44,272.2 3 308
pubsub/pubsub.go:275.50,278.2 2 308
pubsub/pubsub.go:281.45,284.13 3 308
pubsub/pubsub.go:284.13,289.3 2 255
pubsub/pubsub.go:290.2,294.22 4 308
pubsub/pubsub.go:298.65,300.15 2 144
pubsub/pubsub.go:300.15,304.3 3 1
pubsub/pubsub.go:306.2,309.13 3 143
pubsub/pubsub.go:309.13,311.3 1 5
pubsub/pubsub.go:313.2,314.27 2 138
pubsub/pubsub.go:314.27,316.3 1 0
pubsub/pubsub.go:318.2,318.59 1 138
pubsub/pubsub.go:322.67,327.44 4 138
pubsub/pubsub.go:327.44,329.3 1 189
pubsub/pubsub.go:330.2,330.20 1 138
pubsub/pubsub.go:334.105,336.41 2 138
pubsub/pubsub.go:336.41,337.46 1 189
pubsub/pubsub.go:337.46,339.4 1 183
pubsub/pubsub.go:341.2,341.18 1 138
pubsub/pubsub.go:345.75,346.14 1 189
pubsub/pubsub.go:346.14,348.3 1 0
pubsub/pubsub.go:350.2,353.42 3 189
pubsub/pubsub.go:353.42,355.3 1 6
pubsub/pubsub.go:357.2,360.57 2 183
pubsub/pubsub.go:360.57,362.3 1 77
pubsub/pubsub.go:364.2,364.13 1 183
pubsub/pubsub.go:368.74,370.42 2 183
pubsub/pubsub.go:370.42,373.3 2 182
pubsub/pubsub.go:376.2,377.15 2 183
pubsub/pubsub.go:381.38,385.2 3 77
pubsub/pubsub.go:388.73,389.14 1 194
pubsub/pubsub.go:389.14,392.3 2 0
pubsub/pubsub.go:394.2,398.40 3 194
pubsub/pubsub.go:398.40,401.3 2 1
pubsub/pubsub.go:404.2,406.23 3 193
pubsub/pubsub.go:410.52,414.2 3 388
pubsub/pubsub.go:417.74,419.9 1 194
pubsub/pubsub.go:420.26,422.14 2 0
pubsub/pubsub.go:423.10,423.10 0 194
pubsub/pubsub.go:426.2,426.21 1 194
pubsub/pubsub.go:430.63,434.9 3 193
pubsub/pubsub.go:435.18,435.18 0 77
pubsub/pubsub.go:437.17,437.17 0 105
pubsub/pubsub.go:439.26,441.65 1 11
pubsub/pubsub.go:446.32,447.14 1 194
pubsub/pubsub.go:447.14,449.3 1 0
pubsub/pubsub.go:451.2,453.17 2 194
pubsub/pubsub.go:453.17,456.3 2 0
pubsub/pubsub.go:458.2,463.38 4 194
pubsub/pubsub.go:467.39,471.18 3 213
pubsub/pubsub.go:471.18,474.3 2 125
pubsub/pubsub.go:478.53,480.35 2 213
pubsub/pubsub.go:480.35,482.3 1 319
pubsub/pubsub.go:483.2,483.13 1 213
pubsub/pubsub.go:487.47,488.9 1 125
pubsub/pubsub.go:489.18,489.18 0 0
pubsub/pubsub.go:491.10,492.18 1 125
pubsub/pubsub.go:497.54,498.27 1 213
pubsub/pubsub.go:498.27,500.3 1 319
pubsub/pubsub.go:504.37,505.14 1 19
pubsub/pubsub.go:505.14,507.3 1 0
pubsub/pubsub.go:509.2,509.15 1 19
pubsub/pubsub.go:509.15,510.31 1 19
pubsub/pubsub.go:510.31,512.4 1 0
pubsub/pubsub.go:515.2,520.38 5 19
pubsub/pubsub.go:524.50,525.33 1 319
pubsub/pubsub.go:525.33,527.3 1 0
pubsub/pubsub.go:529.2,531.13 3 319
pubsub/pubsub.go:531.13,534.3 2 30
pubsub/pubsub.go:536.2,542.33 5 289
pubsub/pubsub.go:542.33,544.3 1 238
pubsub/pubsub.go:545.2,545.25 1 289
pubsub/pubsub.go:549.58,550.14 1 194
pubsub/pubsub.go:550.14,552.3 1 0
pubsub/pubsub.go:554.2,559.36 4 194
pubsub/pubsub.go:559.36,561.3 1 182
pubsub/pubsub.go:562.2,562.16 1 194
pubsub/pubsub.go:566.43,569.2 2 10
pubsub/pubsub.go:572.39,576.2 3 25
pubsub/pubsub.go:579.54,584.13 4 8
pubsub/pubsub.go:584.13,586.3 1 2
pubsub/pubsub.go:588.2,590.31 3 6
