mode: atomic
pubsub/pubsub.go:15.26,19.2 1 25
pubsub/pubsub.go:38.47,47.2 1 185
pubsub/pubsub.go:49.44,53.17 3 290
pubsub/pubsub.go:53.17,55.3 1 0
pubsub/pubsub.go:57.2,57.26 1 290
pubsub/pubsub.go:57.26,59.3 1 2
pubsub/pubsub.go:61.2,67.13 5 288
pubsub/pubsub.go:67.13,72.3 2 235
pubsub/pubsub.go:73.2,77.22 4 288
pubsub/pubsub.go:80.65,85.13 4 132
pubsub/pubsub.go:85.13,87.3 1 2
pubsub/pubsub.go:89.2,91.37 3 130
pubsub/pubsub.go:91.37,93.3 1 181
pubsub/pubsub.go:94.2,96.27 2 130
pubsub/pubsub.go:96.27,98.3 1 0
pubsub/pubsub.go:100.2,101.34 2 130
pubsub/pubsub.go:101.34,102.39 1 181
pubsub/pubsub.go:102.39,104.4 1 177
pubsub/pubsub.go:107.2,107.18 1 130
pubsub/pubsub.go:110.75,114.17 3 181
pubsub/pubsub.go:114.17,116.3 1 4
pubsub/pubsub.go:118.2,118.27 1 177
pubsub/pubsub.go:118.27,120.3 1 0
pubsub/pubsub.go:123.2,124.42 2 177
pubsub/pubsub.go:124.42,127.3 2 177
pubsub/pubsub.go:130.2,133.50 2 177
pubsub/pubsub.go:133.50,136.3 2 74
pubsub/pubsub.go:138.2,138.13 1 177
pubsub/pubsub.go:141.73,142.18 1 178
pubsub/pubsub.go:142.18,145.3 2 1
pubsub/pubsub.go:147.2,150.9 3 177
pubsub/pubsub.go:151.18,151.18 0 74
pubsub/pubsub.go:153.17,153.17 0 103
pubsub/pubsub.go:157.2,158.23 2 177
pubsub/pubsub.go:161.32,165.17 2 178
pubsub/pubsub.go:165.17,168.3 2 0
pubsub/pubsub.go:171.2,174.18 2 178
pubsub/pubsub.go:174.18,177.10 2 104
pubsub/pubsub.go:178.19,178.19 0 0
pubsub/pubsub.go:180.11,181.19 1 104
pubsub/pubsub.go:185.2,186.35 2 178
pubsub/pubsub.go:186.35,188.3 1 282
pubsub/pubsub.go:189.2,192.36 2 178
pubsub/pubsub.go:192.36,194.3 1 282
pubsub/pubsub.go:197.50,200.13 3 282
pubsub/pubsub.go:200.13,203.3 2 0
pubsub/pubsub.go:205.2,211.13 5 282
pubsub/pubsub.go:211.13,213.3 1 231
pubsub/pubsub.go:214.2,214.21 1 282
pubsub/pubsub.go:217.58,223.36 4 178
pubsub/pubsub.go:223.36,225.3 1 177
pubsub/pubsub.go:226.2,226.16 1 178
pubsub/pubsub.go:229.43,232.2 2 10
pubsub/pubsub.go:235.39,239.2 3 21
pubsub/pubsub.go:242.54,247.13 4 8
pubsub/pubsub.go:247.13,249.3 1 2
pubsub/pubsub.go:251.2,253.31 3 6
